<?xml version="1.0" encoding="UTF-8"?>
<!-- Generated by org.testng.reporters.JUnitReportReporter -->
<testsuite hostname="DESKTOP-MHLLET6" failures="0" tests="1" name="testcases.BrokenLinks" time="12.224" errors="0" timestamp="2023-08-30T04:43:14 SGT" skipped="0">
  <testcase classname="testcases.BrokenLinks" name="brokenLinksTest" time="12.224"/>
</testsuite> <!-- testcases.BrokenLinks -->
