<?xml version="1.0" encoding="UTF-8"?>
<!-- Generated by org.testng.reporters.JUnitReportReporter -->
<testsuite hostname="DESKTOP-MHLLET6" failures="0" tests="1" name="testcases.BlazeTest" time="8.095" errors="0" timestamp="2023-08-26T10:01:21 SGT" skipped="0">
  <testcase classname="testcases.BlazeTest" name="findFlightTest" time="8.095"/>
</testsuite> <!-- testcases.BlazeTest -->
