<?xml version="1.0" encoding="UTF-8"?>
<!-- Generated by org.testng.reporters.JUnitReportReporter -->
<testsuite hostname="DESKTOP-MHLLET6" failures="0" tests="1" name="testcases.FixedDepositCalculator" time="55.581" errors="0" timestamp="2023-08-29T16:37:11 SGT" skipped="0">
  <testcase classname="testcases.FixedDepositCalculator" name="DepositCalculatorTest" time="55.581"/>
</testsuite> <!-- testcases.FixedDepositCalculator -->
