<?xml version="1.0" encoding="UTF-8"?>
<!-- Generated by org.testng.reporters.JUnitReportReporter -->
<testsuite hostname="DESKTOP-MHLLET6" failures="0" tests="1" name="testcases.CITBank_Deposit_Calculator" time="21.879" errors="0" timestamp="2023-08-30T04:57:15 SGT" skipped="0">
  <testcase classname="testcases.CITBank_Deposit_Calculator" name="depositCalculatior" time="21.879"/>
</testsuite> <!-- testcases.CITBank_Deposit_Calculator -->
