<?xml version="1.0" encoding="UTF-8"?>
<!-- Generated by org.testng.reporters.JUnitReportReporter -->
<testsuite hostname="DESKTOP-MHLLET6" failures="0" tests="1" name="testcases.FixedDepositCalculator" time="43.812" errors="0" timestamp="2023-08-30T04:57:15 SGT" skipped="0">
  <testcase classname="testcases.FixedDepositCalculator" name="DepositCalculatorTest" time="43.812"/>
</testsuite> <!-- testcases.FixedDepositCalculator -->
