<?xml version="1.0" encoding="UTF-8"?>
<!-- Generated by org.testng.reporters.JUnitReportReporter -->
<testsuite hostname="DESKTOP-MHLLET6" failures="0" tests="1" name="testcases.BrokenLinks" time="17.489" errors="0" timestamp="2023-08-30T04:57:15 SGT" skipped="0">
  <testcase classname="testcases.BrokenLinks" name="brokenLinksTest" time="17.489"/>
</testsuite> <!-- testcases.BrokenLinks -->
